Analysis & Synthesis report for psudo
Fri Apr 28 17:23:14 2017
Quartus Prime Version 16.0.0 Build 211 04/27/2016 SJ Standard Edition


---------------------
; Table of Contents ;
---------------------
  1. Legal Notice
  2. Analysis & Synthesis Summary
  3. Analysis & Synthesis Settings
  4. Parallel Compilation
  5. Analysis & Synthesis Source Files Read
  6. Analysis & Synthesis Resource Usage Summary
  7. Analysis & Synthesis Resource Utilization by Entity
  8. Registers Removed During Synthesis
  9. Removed Registers Triggering Further Register Optimizations
 10. General Register Statistics
 11. Post-Synthesis Netlist Statistics for Top Partition
 12. Elapsed Time Per Partition
 13. Analysis & Synthesis Messages



----------------
; Legal Notice ;
----------------
Copyright (C) 1991-2016 Altera Corporation. All rights reserved.
Your use of Altera Corporation's design tools, logic functions 
and other software and tools, and its AMPP partner logic 
functions, and any output files from any of the foregoing 
(including device programming or simulation files), and any 
associated documentation or information are expressly subject 
to the terms and conditions of the Altera Program License 
Subscription Agreement, the Altera Quartus Prime License Agreement,
the Altera MegaCore Function License Agreement, or other 
applicable license agreement, including, without limitation, 
that your use is for the sole purpose of programming logic 
devices manufactured by Altera and sold by Altera or its 
authorized distributors.  Please refer to the applicable 
agreement for further details.



+--------------------------------------------------------------------------------------+
; Analysis & Synthesis Summary                                                         ;
+------------------------------------+-------------------------------------------------+
; Analysis & Synthesis Status        ; Successful - Fri Apr 28 17:23:14 2017           ;
; Quartus Prime Version              ; 16.0.0 Build 211 04/27/2016 SJ Standard Edition ;
; Revision Name                      ; psudo                                           ;
; Top-level Entity Name              ; psudo                                           ;
; Family                             ; Cyclone IV E                                    ;
; Total logic elements               ; 0                                               ;
;     Total combinational functions  ; 0                                               ;
;     Dedicated logic registers      ; 0                                               ;
; Total registers                    ; 0                                               ;
; Total pins                         ; 40                                              ;
; Total virtual pins                 ; 0                                               ;
; Total memory bits                  ; 0                                               ;
; Embedded Multiplier 9-bit elements ; 0                                               ;
; Total PLLs                         ; 0                                               ;
+------------------------------------+-------------------------------------------------+


+----------------------------------------------------------------------------------------------------------------------+
; Analysis & Synthesis Settings                                                                                        ;
+----------------------------------------------------------------------------+--------------------+--------------------+
; Option                                                                     ; Setting            ; Default Value      ;
+----------------------------------------------------------------------------+--------------------+--------------------+
; Device                                                                     ; EP4CE115F29C7      ;                    ;
; Top-level entity name                                                      ; psudo              ; psudo              ;
; Family name                                                                ; Cyclone IV E       ; Cyclone V          ;
; Use smart compilation                                                      ; Off                ; Off                ;
; Enable parallel Assembler and TimeQuest Timing Analyzer during compilation ; On                 ; On                 ;
; Enable compact report table                                                ; Off                ; Off                ;
; Restructure Multiplexers                                                   ; Auto               ; Auto               ;
; Create Debugging Nodes for IP Cores                                        ; Off                ; Off                ;
; Preserve fewer node names                                                  ; On                 ; On                 ;
; Disable OpenCore Plus hardware evaluation                                  ; Off                ; Off                ;
; Verilog Version                                                            ; Verilog_2001       ; Verilog_2001       ;
; VHDL Version                                                               ; VHDL_1993          ; VHDL_1993          ;
; State Machine Processing                                                   ; Auto               ; Auto               ;
; Safe State Machine                                                         ; Off                ; Off                ;
; Extract Verilog State Machines                                             ; On                 ; On                 ;
; Extract VHDL State Machines                                                ; On                 ; On                 ;
; Ignore Verilog initial constructs                                          ; Off                ; Off                ;
; Iteration limit for constant Verilog loops                                 ; 5000               ; 5000               ;
; Iteration limit for non-constant Verilog loops                             ; 250                ; 250                ;
; Add Pass-Through Logic to Inferred RAMs                                    ; On                 ; On                 ;
; Infer RAMs from Raw Logic                                                  ; On                 ; On                 ;
; Parallel Synthesis                                                         ; On                 ; On                 ;
; DSP Block Balancing                                                        ; Auto               ; Auto               ;
; NOT Gate Push-Back                                                         ; On                 ; On                 ;
; Power-Up Don't Care                                                        ; On                 ; On                 ;
; Remove Redundant Logic Cells                                               ; Off                ; Off                ;
; Remove Duplicate Registers                                                 ; On                 ; On                 ;
; Ignore CARRY Buffers                                                       ; Off                ; Off                ;
; Ignore CASCADE Buffers                                                     ; Off                ; Off                ;
; Ignore GLOBAL Buffers                                                      ; Off                ; Off                ;
; Ignore ROW GLOBAL Buffers                                                  ; Off                ; Off                ;
; Ignore LCELL Buffers                                                       ; Off                ; Off                ;
; Ignore SOFT Buffers                                                        ; On                 ; On                 ;
; Limit AHDL Integers to 32 Bits                                             ; Off                ; Off                ;
; Optimization Technique                                                     ; Balanced           ; Balanced           ;
; Carry Chain Length                                                         ; 70                 ; 70                 ;
; Auto Carry Chains                                                          ; On                 ; On                 ;
; Auto Open-Drain Pins                                                       ; On                 ; On                 ;
; Perform WYSIWYG Primitive Resynthesis                                      ; Off                ; Off                ;
; Auto ROM Replacement                                                       ; On                 ; On                 ;
; Auto RAM Replacement                                                       ; On                 ; On                 ;
; Auto DSP Block Replacement                                                 ; On                 ; On                 ;
; Auto Shift Register Replacement                                            ; Auto               ; Auto               ;
; Allow Shift Register Merging across Hierarchies                            ; Auto               ; Auto               ;
; Auto Clock Enable Replacement                                              ; On                 ; On                 ;
; Strict RAM Replacement                                                     ; Off                ; Off                ;
; Allow Synchronous Control Signals                                          ; On                 ; On                 ;
; Force Use of Synchronous Clear Signals                                     ; Off                ; Off                ;
; Auto RAM Block Balancing                                                   ; On                 ; On                 ;
; Auto RAM to Logic Cell Conversion                                          ; Off                ; Off                ;
; Auto Resource Sharing                                                      ; Off                ; Off                ;
; Allow Any RAM Size For Recognition                                         ; Off                ; Off                ;
; Allow Any ROM Size For Recognition                                         ; Off                ; Off                ;
; Allow Any Shift Register Size For Recognition                              ; Off                ; Off                ;
; Use LogicLock Constraints during Resource Balancing                        ; On                 ; On                 ;
; Ignore translate_off and synthesis_off directives                          ; Off                ; Off                ;
; Timing-Driven Synthesis                                                    ; On                 ; On                 ;
; Report Parameter Settings                                                  ; On                 ; On                 ;
; Report Source Assignments                                                  ; On                 ; On                 ;
; Report Connectivity Checks                                                 ; On                 ; On                 ;
; Ignore Maximum Fan-Out Assignments                                         ; Off                ; Off                ;
; Synchronization Register Chain Length                                      ; 2                  ; 2                  ;
; PowerPlay Power Optimization During Synthesis                              ; Normal compilation ; Normal compilation ;
; HDL message level                                                          ; Level2             ; Level2             ;
; Suppress Register Optimization Related Messages                            ; Off                ; Off                ;
; Number of Removed Registers Reported in Synthesis Report                   ; 5000               ; 5000               ;
; Number of Swept Nodes Reported in Synthesis Report                         ; 5000               ; 5000               ;
; Number of Inverted Registers Reported in Synthesis Report                  ; 100                ; 100                ;
; Clock MUX Protection                                                       ; On                 ; On                 ;
; Auto Gated Clock Conversion                                                ; Off                ; Off                ;
; Block Design Naming                                                        ; Auto               ; Auto               ;
; SDC constraint protection                                                  ; Off                ; Off                ;
; Synthesis Effort                                                           ; Auto               ; Auto               ;
; Shift Register Replacement - Allow Asynchronous Clear Signal               ; On                 ; On                 ;
; Pre-Mapping Resynthesis Optimization                                       ; Off                ; Off                ;
; Analysis & Synthesis Message Level                                         ; Medium             ; Medium             ;
; Disable Register Merging Across Hierarchies                                ; Auto               ; Auto               ;
; Resource Aware Inference For Block RAM                                     ; On                 ; On                 ;
; Synthesis Seed                                                             ; 1                  ; 1                  ;
+----------------------------------------------------------------------------+--------------------+--------------------+


+------------------------------------------+
; Parallel Compilation                     ;
+----------------------------+-------------+
; Processors                 ; Number      ;
+----------------------------+-------------+
; Number detected on machine ; 8           ;
; Maximum allowed            ; 4           ;
;                            ;             ;
; Average used               ; 1.00        ;
; Maximum used               ; 1           ;
;                            ;             ;
; Usage by Processor         ; % Time Used ;
;     Processor 1            ; 100.0%      ;
+----------------------------+-------------+


+------------------------------------------------------------------------------------------------------------------------------------------------------------------+
; Analysis & Synthesis Source Files Read                                                                                                                           ;
+----------------------------------+-----------------+------------------------------------------+--------------------------------------------------------+---------+
; File Name with User-Entered Path ; Used in Netlist ; File Type                                ; File Name with Absolute Path                           ; Library ;
+----------------------------------+-----------------+------------------------------------------+--------------------------------------------------------+---------+
; psudo.bdf                        ; yes             ; User Block Diagram/Schematic File        ; U:/CPRE281/Final proj/psudo gen/psudo.bdf              ;         ;
; seven_seg_decoder.v              ; yes             ; Auto-Found Verilog HDL File              ; U:/CPRE281/Final proj/psudo gen/seven_seg_decoder.v    ;         ;
; 4bitreg.bdf                      ; yes             ; Auto-Found Block Diagram/Schematic File  ; U:/CPRE281/Final proj/psudo gen/4bitreg.bdf            ;         ;
; 2to1.bdf                         ; yes             ; Auto-Found Block Diagram/Schematic File  ; U:/CPRE281/Final proj/psudo gen/2to1.bdf               ;         ;
; statemachine.bdf                 ; yes             ; Auto-Found Block Diagram/Schematic File  ; U:/CPRE281/Final proj/psudo gen/statemachine.bdf       ;         ;
; 8bit.bdf                         ; yes             ; Auto-Found Block Diagram/Schematic File  ; U:/CPRE281/Final proj/psudo gen/8bit.bdf               ;         ;
; debouncer.bdf                    ; yes             ; Auto-Found Block Diagram/Schematic File  ; U:/CPRE281/Final proj/psudo gen/debouncer.bdf          ;         ;
; clock_divider_1024.bdf           ; yes             ; Auto-Found Block Diagram/Schematic File  ; U:/CPRE281/Final proj/psudo gen/clock_divider_1024.bdf ;         ;
; 2bitcounter.bdf                  ; yes             ; Auto-Found Block Diagram/Schematic File  ; U:/CPRE281/Final proj/psudo gen/2bitcounter.bdf        ;         ;
+----------------------------------+-----------------+------------------------------------------+--------------------------------------------------------+---------+


+--------------------------------------------------------+
; Analysis & Synthesis Resource Usage Summary            ;
+---------------------------------------------+----------+
; Resource                                    ; Usage    ;
+---------------------------------------------+----------+
;                                             ;          ;
; Total combinational functions               ; 0        ;
; Logic element usage by number of LUT inputs ;          ;
;     -- 4 input functions                    ; 0        ;
;     -- 3 input functions                    ; 0        ;
;     -- <=2 input functions                  ; 0        ;
;                                             ;          ;
; Logic elements by mode                      ;          ;
;     -- normal mode                          ; 0        ;
;     -- arithmetic mode                      ; 0        ;
;                                             ;          ;
; Total registers                             ; 0        ;
;     -- Dedicated logic registers            ; 0        ;
;     -- I/O registers                        ; 0        ;
;                                             ;          ;
; I/O pins                                    ; 40       ;
;                                             ;          ;
; Embedded Multiplier 9-bit elements          ; 0        ;
;                                             ;          ;
; Maximum fan-out node                        ; A~output ;
; Maximum fan-out                             ; 1        ;
; Total fan-out                               ; 40       ;
; Average fan-out                             ; 0.50     ;
+---------------------------------------------+----------+


+-------------------------------------------------------------------------------------------------------------------------------------------------------------------------------------------+
; Analysis & Synthesis Resource Utilization by Entity                                                                                                                                       ;
+----------------------------+-------------------+--------------+-------------+--------------+---------+-----------+------+--------------+---------------------+-------------+--------------+
; Compilation Hierarchy Node ; LC Combinationals ; LC Registers ; Memory Bits ; DSP Elements ; DSP 9x9 ; DSP 18x18 ; Pins ; Virtual Pins ; Full Hierarchy Name ; Entity Name ; Library Name ;
+----------------------------+-------------------+--------------+-------------+--------------+---------+-----------+------+--------------+---------------------+-------------+--------------+
; |psudo                     ; 0 (0)             ; 0 (0)        ; 0           ; 0            ; 0       ; 0         ; 40   ; 0            ; |psudo              ; psudo       ; work         ;
+----------------------------+-------------------+--------------+-------------+--------------+---------+-----------+------+--------------+---------------------+-------------+--------------+
Note: For table entries with two numbers listed, the numbers in parentheses indicate the number of resources of the given type used by the specific entity alone. The numbers listed outside of parentheses indicate the total resources of the given type used by the specific entity and all of its sub-entities in the hierarchy.


+------------------------------------------------------------------------------------------+
; Registers Removed During Synthesis                                                       ;
+-------------------------------------------------+----------------------------------------+
; Register name                                   ; Reason for Removal                     ;
+-------------------------------------------------+----------------------------------------+
; Debouncer:inst5|inst2                           ; Stuck at VCC due to stuck port data_in ;
; 8bit:inst0|inst8                                ; Stuck at GND due to stuck port clock   ;
; 8bit:inst0|inst7                                ; Lost fanout                            ;
; 8bit:inst0|inst6                                ; Lost fanout                            ;
; 8bit:inst0|inst5                                ; Lost fanout                            ;
; 8bit:inst0|inst4                                ; Lost fanout                            ;
; 8bit:inst0|inst3                                ; Lost fanout                            ;
; 8bit:inst0|inst2                                ; Lost fanout                            ;
; 8bit:inst0|inst1                                ; Lost fanout                            ;
; Statemachine:inst1|Q0                           ; Stuck at VCC due to stuck port clock   ;
; Statemachine:inst1|Q3                           ; Stuck at GND due to stuck port clock   ;
; Statemachine:inst1|Q2                           ; Stuck at GND due to stuck port clock   ;
; Statemachine:inst1|Q1                           ; Stuck at GND due to stuck port clock   ;
; 4bitreg:inst3|inst4                             ; Stuck at GND due to stuck port clock   ;
; 4bitreg:inst3|inst5                             ; Stuck at GND due to stuck port clock   ;
; 4bitreg:inst3|inst6                             ; Stuck at GND due to stuck port clock   ;
; 4bitreg:inst3|inst7                             ; Stuck at GND due to stuck port clock   ;
; 4bitreg:inst17|inst4                            ; Stuck at GND due to stuck port clock   ;
; 4bitreg:inst17|inst5                            ; Stuck at GND due to stuck port clock   ;
; 4bitreg:inst17|inst6                            ; Stuck at GND due to stuck port clock   ;
; 4bitreg:inst17|inst7                            ; Stuck at GND due to stuck port clock   ;
; 4bitreg:inst7|inst4                             ; Stuck at GND due to stuck port clock   ;
; 4bitreg:inst7|inst5                             ; Stuck at GND due to stuck port clock   ;
; 4bitreg:inst7|inst6                             ; Stuck at GND due to stuck port clock   ;
; 4bitreg:inst7|inst7                             ; Stuck at GND due to stuck port clock   ;
; 4bitreg:inst6|inst4                             ; Stuck at GND due to stuck port clock   ;
; 4bitreg:inst6|inst5                             ; Stuck at GND due to stuck port clock   ;
; 4bitreg:inst6|inst6                             ; Stuck at GND due to stuck port clock   ;
; 4bitreg:inst6|inst7                             ; Stuck at GND due to stuck port clock   ;
; 2bitcounter:inst|inst                           ; Stuck at GND due to stuck port clock   ;
; 2bitcounter:inst|inst1                          ; Stuck at GND due to stuck port clock   ;
; Debouncer:inst5|clock_divider_1024:inst1|inst10 ; Lost fanout                            ;
; Debouncer:inst5|clock_divider_1024:inst1|inst1  ; Lost fanout                            ;
; Debouncer:inst5|clock_divider_1024:inst1|inst2  ; Lost fanout                            ;
; Debouncer:inst5|clock_divider_1024:inst1|inst3  ; Lost fanout                            ;
; Debouncer:inst5|clock_divider_1024:inst1|inst4  ; Lost fanout                            ;
; Debouncer:inst5|clock_divider_1024:inst1|inst5  ; Lost fanout                            ;
; Debouncer:inst5|clock_divider_1024:inst1|inst6  ; Lost fanout                            ;
; Debouncer:inst5|clock_divider_1024:inst1|inst7  ; Lost fanout                            ;
; Debouncer:inst5|clock_divider_1024:inst1|inst8  ; Lost fanout                            ;
; Debouncer:inst5|clock_divider_1024:inst1|inst9  ; Lost fanout                            ;
; Debouncer:inst5|clock_divider_1024:inst|inst10  ; Lost fanout                            ;
; Debouncer:inst5|clock_divider_1024:inst|inst1   ; Lost fanout                            ;
; Debouncer:inst5|clock_divider_1024:inst|inst2   ; Lost fanout                            ;
; Debouncer:inst5|clock_divider_1024:inst|inst3   ; Lost fanout                            ;
; Debouncer:inst5|clock_divider_1024:inst|inst4   ; Lost fanout                            ;
; Debouncer:inst5|clock_divider_1024:inst|inst5   ; Lost fanout                            ;
; Debouncer:inst5|clock_divider_1024:inst|inst6   ; Lost fanout                            ;
; Debouncer:inst5|clock_divider_1024:inst|inst7   ; Lost fanout                            ;
; Debouncer:inst5|clock_divider_1024:inst|inst8   ; Lost fanout                            ;
; Debouncer:inst5|clock_divider_1024:inst|inst9   ; Lost fanout                            ;
; Total Number of Removed Registers = 51          ;                                        ;
+-------------------------------------------------+----------------------------------------+


+-------------------------------------------------------------------------------------------------------------------------------------------------------------------------+
; Removed Registers Triggering Further Register Optimizations                                                                                                             ;
+-------------------------------------------------+---------------------------+-------------------------------------------------------------------------------------------+
; Register name                                   ; Reason for Removal        ; Registers Removed due to This Register                                                    ;
+-------------------------------------------------+---------------------------+-------------------------------------------------------------------------------------------+
; Debouncer:inst5|inst2                           ; Stuck at VCC              ; 8bit:inst0|inst8, 8bit:inst0|inst7, 8bit:inst0|inst6, 8bit:inst0|inst5, 8bit:inst0|inst4, ;
;                                                 ; due to stuck port data_in ; 8bit:inst0|inst3, 8bit:inst0|inst2, 8bit:inst0|inst1, Statemachine:inst1|Q0,              ;
;                                                 ;                           ; Statemachine:inst1|Q3, Statemachine:inst1|Q2, Statemachine:inst1|Q1,                      ;
;                                                 ;                           ; 4bitreg:inst3|inst4, 4bitreg:inst3|inst5, 4bitreg:inst3|inst6, 4bitreg:inst3|inst7,       ;
;                                                 ;                           ; 4bitreg:inst17|inst4, 4bitreg:inst17|inst5, 4bitreg:inst17|inst6, 4bitreg:inst17|inst7,   ;
;                                                 ;                           ; 4bitreg:inst7|inst4, 4bitreg:inst7|inst5, 4bitreg:inst7|inst6, 4bitreg:inst7|inst7,       ;
;                                                 ;                           ; 4bitreg:inst6|inst4, 4bitreg:inst6|inst5, 4bitreg:inst6|inst6, 4bitreg:inst6|inst7,       ;
;                                                 ;                           ; 2bitcounter:inst|inst, 2bitcounter:inst|inst1,                                            ;
;                                                 ;                           ; Debouncer:inst5|clock_divider_1024:inst|inst10,                                           ;
;                                                 ;                           ; Debouncer:inst5|clock_divider_1024:inst|inst4,                                            ;
;                                                 ;                           ; Debouncer:inst5|clock_divider_1024:inst|inst5,                                            ;
;                                                 ;                           ; Debouncer:inst5|clock_divider_1024:inst|inst6,                                            ;
;                                                 ;                           ; Debouncer:inst5|clock_divider_1024:inst|inst7,                                            ;
;                                                 ;                           ; Debouncer:inst5|clock_divider_1024:inst|inst8,                                            ;
;                                                 ;                           ; Debouncer:inst5|clock_divider_1024:inst|inst9                                             ;
; Debouncer:inst5|clock_divider_1024:inst1|inst10 ; Lost Fanouts              ; Debouncer:inst5|clock_divider_1024:inst1|inst4,                                           ;
;                                                 ;                           ; Debouncer:inst5|clock_divider_1024:inst1|inst5,                                           ;
;                                                 ;                           ; Debouncer:inst5|clock_divider_1024:inst1|inst6,                                           ;
;                                                 ;                           ; Debouncer:inst5|clock_divider_1024:inst1|inst7,                                           ;
;                                                 ;                           ; Debouncer:inst5|clock_divider_1024:inst1|inst8,                                           ;
;                                                 ;                           ; Debouncer:inst5|clock_divider_1024:inst1|inst9                                            ;
+-------------------------------------------------+---------------------------+-------------------------------------------------------------------------------------------+


+------------------------------------------------------+
; General Register Statistics                          ;
+----------------------------------------------+-------+
; Statistic                                    ; Value ;
+----------------------------------------------+-------+
; Total registers                              ; 0     ;
; Number of registers using Synchronous Clear  ; 0     ;
; Number of registers using Synchronous Load   ; 0     ;
; Number of registers using Asynchronous Clear ; 0     ;
; Number of registers using Asynchronous Load  ; 0     ;
; Number of registers using Clock Enable       ; 0     ;
; Number of registers using Preset             ; 0     ;
+----------------------------------------------+-------+


+-----------------------------------------------------+
; Post-Synthesis Netlist Statistics for Top Partition ;
+-----------------------+-----------------------------+
; Type                  ; Count                       ;
+-----------------------+-----------------------------+
; boundary_port         ; 40                          ;
; cycloneiii_lcell_comb ; 2                           ;
;     normal            ; 2                           ;
;         0 data inputs ; 2                           ;
;                       ;                             ;
; Max LUT depth         ; 0.00                        ;
; Average LUT depth     ; 0.00                        ;
+-----------------------+-----------------------------+


+-------------------------------+
; Elapsed Time Per Partition    ;
+----------------+--------------+
; Partition Name ; Elapsed Time ;
+----------------+--------------+
; Top            ; 00:00:00     ;
+----------------+--------------+


+-------------------------------+
; Analysis & Synthesis Messages ;
+-------------------------------+
Info: *******************************************************************
Info: Running Quartus Prime Analysis & Synthesis
    Info: Version 16.0.0 Build 211 04/27/2016 SJ Standard Edition
    Info: Processing started: Fri Apr 28 17:23:03 2017
Info: Command: quartus_map --read_settings_files=on --write_settings_files=off psudo -c psudo
Warning (18236): Number of processors has not been specified which may cause overloading on shared machines.  Set the global assignment NUM_PARALLEL_PROCESSORS in your QSF to an appropriate value for best performance.
Info (20030): Parallel compilation is enabled and will use 4 of the 4 processors detected
Info (12021): Found 1 design units, including 1 entities, in source file psudo.bdf
    Info (12023): Found entity 1: psudo
Info (12127): Elaborating entity "psudo" for the top level hierarchy
Warning (275011): Block or symbol "4bitreg" of instance "inst3" overlaps another block or symbol
Warning (275011): Block or symbol "seven_seg_decoder" of instance "inst14" overlaps another block or symbol
Warning (275009): Pin "input" not connected
Warning (12125): Using design file seven_seg_decoder.v, which is not specified as a design file for the current project, but contains definitions for 1 design units and 1 entities in project
    Info (12023): Found entity 1: seven_seg_decoder File: U:/CPRE281/Final proj/psudo gen/seven_seg_decoder.v Line: 1
Info (12128): Elaborating entity "seven_seg_decoder" for hierarchy "seven_seg_decoder:inst12"
Warning (12125): Using design file 4bitreg.bdf, which is not specified as a design file for the current project, but contains definitions for 1 design units and 1 entities in project
    Info (12023): Found entity 1: 4bitreg
Info (12128): Elaborating entity "4bitreg" for hierarchy "4bitreg:inst3"
Warning (12125): Using design file 2to1.bdf, which is not specified as a design file for the current project, but contains definitions for 1 design units and 1 entities in project
    Info (12023): Found entity 1: 2to1
Info (12128): Elaborating entity "2to1" for hierarchy "4bitreg:inst3|2to1:inst2"
Warning (12125): Using design file statemachine.bdf, which is not specified as a design file for the current project, but contains definitions for 1 design units and 1 entities in project
    Info (12023): Found entity 1: Statemachine
Info (12128): Elaborating entity "Statemachine" for hierarchy "Statemachine:inst1"
Warning (12125): Using design file 8bit.bdf, which is not specified as a design file for the current project, but contains definitions for 1 design units and 1 entities in project
    Info (12023): Found entity 1: 8bit
Info (12128): Elaborating entity "8bit" for hierarchy "8bit:inst0"
Warning (12125): Using design file debouncer.bdf, which is not specified as a design file for the current project, but contains definitions for 1 design units and 1 entities in project
    Info (12023): Found entity 1: Debouncer
Info (12128): Elaborating entity "Debouncer" for hierarchy "Debouncer:inst5"
Warning (12125): Using design file clock_divider_1024.bdf, which is not specified as a design file for the current project, but contains definitions for 1 design units and 1 entities in project
    Info (12023): Found entity 1: clock_divider_1024
Info (12128): Elaborating entity "clock_divider_1024" for hierarchy "Debouncer:inst5|clock_divider_1024:inst"
Warning (12125): Using design file 2bitcounter.bdf, which is not specified as a design file for the current project, but contains definitions for 1 design units and 1 entities in project
    Info (12023): Found entity 1: 2bitcounter
Info (12128): Elaborating entity "2bitcounter" for hierarchy "2bitcounter:inst"
Warning (13024): Output pins are stuck at VCC or GND
    Warning (13410): Pin "A" is stuck at GND
    Warning (13410): Pin "B" is stuck at GND
    Warning (13410): Pin "C" is stuck at GND
    Warning (13410): Pin "D" is stuck at GND
    Warning (13410): Pin "E" is stuck at GND
    Warning (13410): Pin "F" is stuck at GND
    Warning (13410): Pin "G" is stuck at VCC
    Warning (13410): Pin "A1" is stuck at GND
    Warning (13410): Pin "B1" is stuck at GND
    Warning (13410): Pin "C1" is stuck at GND
    Warning (13410): Pin "D1" is stuck at GND
    Warning (13410): Pin "E1" is stuck at GND
    Warning (13410): Pin "F1" is stuck at GND
    Warning (13410): Pin "G1" is stuck at VCC
    Warning (13410): Pin "A2" is stuck at GND
    Warning (13410): Pin "B2" is stuck at GND
    Warning (13410): Pin "C2" is stuck at GND
    Warning (13410): Pin "D2" is stuck at GND
    Warning (13410): Pin "E2" is stuck at GND
    Warning (13410): Pin "F2" is stuck at GND
    Warning (13410): Pin "G2" is stuck at VCC
    Warning (13410): Pin "A3" is stuck at GND
    Warning (13410): Pin "B3" is stuck at GND
    Warning (13410): Pin "C3" is stuck at GND
    Warning (13410): Pin "D3" is stuck at GND
    Warning (13410): Pin "E3" is stuck at GND
    Warning (13410): Pin "F3" is stuck at GND
    Warning (13410): Pin "G3" is stuck at VCC
Info (17049): 27 registers lost all their fanouts during netlist optimizations.
Info (16010): Generating hard_block partition "hard_block:auto_generated_inst"
    Info (16011): Adding 0 node(s), including 0 DDIO, 0 PLL, 0 transceiver and 0 LCELL
Warning (21074): Design contains 12 input pin(s) that do not drive logic
    Warning (15610): No output dependent on input pin "enable"
    Warning (15610): No output dependent on input pin "seed1"
    Warning (15610): No output dependent on input pin "seed4"
    Warning (15610): No output dependent on input pin "seed5"
    Warning (15610): No output dependent on input pin "seed6"
    Warning (15610): No output dependent on input pin "seed7"
    Warning (15610): No output dependent on input pin "seed2"
    Warning (15610): No output dependent on input pin "seed3"
    Warning (15610): No output dependent on input pin "seed0"
    Warning (15610): No output dependent on input pin "clk"
    Warning (15610): No output dependent on input pin "2bitEnbl"
    Warning (15610): No output dependent on input pin "input"
Info (21057): Implemented 40 device resources after synthesis - the final resource count might be different
    Info (21058): Implemented 12 input pins
    Info (21059): Implemented 28 output pins
Info: Quartus Prime Analysis & Synthesis was successful. 0 errors, 54 warnings
    Info: Peak virtual memory: 841 megabytes
    Info: Processing ended: Fri Apr 28 17:23:14 2017
    Info: Elapsed time: 00:00:11
    Info: Total CPU time (on all processors): 00:00:20


