Analysis & Synthesis report for lab4step2
Tue Feb 07 03:13:48 2017
Quartus Prime Version 16.0.0 Build 211 04/27/2016 SJ Standard Edition


---------------------
; Table of Contents ;
---------------------
  1. Legal Notice
  2. Analysis & Synthesis Summary
  3. Analysis & Synthesis Settings
  4. Parallel Compilation
  5. Analysis & Synthesis Source Files Read
  6. Analysis & Synthesis Resource Usage Summary
  7. Analysis & Synthesis Resource Utilization by Entity
  8. User-Specified and Inferred Latches
  9. General Register Statistics
 10. Post-Synthesis Netlist Statistics for Top Partition
 11. Elapsed Time Per Partition
 12. Analysis & Synthesis Messages



----------------
; Legal Notice ;
----------------
Copyright (C) 1991-2016 Altera Corporation. All rights reserved.
Your use of Altera Corporation's design tools, logic functions 
and other software and tools, and its AMPP partner logic 
functions, and any output files from any of the foregoing 
(including device programming or simulation files), and any 
associated documentation or information are expressly subject 
to the terms and conditions of the Altera Program License 
Subscription Agreement, the Altera Quartus Prime License Agreement,
the Altera MegaCore Function License Agreement, or other 
applicable license agreement, including, without limitation, 
that your use is for the sole purpose of programming logic 
devices manufactured by Altera and sold by Altera or its 
authorized distributors.  Please refer to the applicable 
agreement for further details.



+--------------------------------------------------------------------------------------+
; Analysis & Synthesis Summary                                                         ;
+------------------------------------+-------------------------------------------------+
; Analysis & Synthesis Status        ; Successful - Tue Feb 07 03:13:47 2017           ;
; Quartus Prime Version              ; 16.0.0 Build 211 04/27/2016 SJ Standard Edition ;
; Revision Name                      ; lab4step2                                       ;
; Top-level Entity Name              ; lab4step2                                       ;
; Family                             ; Cyclone IV E                                    ;
; Total logic elements               ; 7                                               ;
;     Total combinational functions  ; 7                                               ;
;     Dedicated logic registers      ; 0                                               ;
; Total registers                    ; 0                                               ;
; Total pins                         ; 5                                               ;
; Total virtual pins                 ; 0                                               ;
; Total memory bits                  ; 0                                               ;
; Embedded Multiplier 9-bit elements ; 0                                               ;
; Total PLLs                         ; 0                                               ;
+------------------------------------+-------------------------------------------------+


+----------------------------------------------------------------------------------------------------------------------+
; Analysis & Synthesis Settings                                                                                        ;
+----------------------------------------------------------------------------+--------------------+--------------------+
; Option                                                                     ; Setting            ; Default Value      ;
+----------------------------------------------------------------------------+--------------------+--------------------+
; Device                                                                     ; EP4CE115F29C7      ;                    ;
; Top-level entity name                                                      ; lab4step2          ; lab4step2          ;
; Family name                                                                ; Cyclone IV E       ; Cyclone V          ;
; Use smart compilation                                                      ; Off                ; Off                ;
; Enable parallel Assembler and TimeQuest Timing Analyzer during compilation ; On                 ; On                 ;
; Enable compact report table                                                ; Off                ; Off                ;
; Restructure Multiplexers                                                   ; Auto               ; Auto               ;
; Create Debugging Nodes for IP Cores                                        ; Off                ; Off                ;
; Preserve fewer node names                                                  ; On                 ; On                 ;
; Disable OpenCore Plus hardware evaluation                                  ; Off                ; Off                ;
; Verilog Version                                                            ; Verilog_2001       ; Verilog_2001       ;
; VHDL Version                                                               ; VHDL_1993          ; VHDL_1993          ;
; State Machine Processing                                                   ; Auto               ; Auto               ;
; Safe State Machine                                                         ; Off                ; Off                ;
; Extract Verilog State Machines                                             ; On                 ; On                 ;
; Extract VHDL State Machines                                                ; On                 ; On                 ;
; Ignore Verilog initial constructs                                          ; Off                ; Off                ;
; Iteration limit for constant Verilog loops                                 ; 5000               ; 5000               ;
; Iteration limit for non-constant Verilog loops                             ; 250                ; 250                ;
; Add Pass-Through Logic to Inferred RAMs                                    ; On                 ; On                 ;
; Infer RAMs from Raw Logic                                                  ; On                 ; On                 ;
; Parallel Synthesis                                                         ; On                 ; On                 ;
; DSP Block Balancing                                                        ; Auto               ; Auto               ;
; NOT Gate Push-Back                                                         ; On                 ; On                 ;
; Power-Up Don't Care                                                        ; On                 ; On                 ;
; Remove Redundant Logic Cells                                               ; Off                ; Off                ;
; Remove Duplicate Registers                                                 ; On                 ; On                 ;
; Ignore CARRY Buffers                                                       ; Off                ; Off                ;
; Ignore CASCADE Buffers                                                     ; Off                ; Off                ;
; Ignore GLOBAL Buffers                                                      ; Off                ; Off                ;
; Ignore ROW GLOBAL Buffers                                                  ; Off                ; Off                ;
; Ignore LCELL Buffers                                                       ; Off                ; Off                ;
; Ignore SOFT Buffers                                                        ; On                 ; On                 ;
; Limit AHDL Integers to 32 Bits                                             ; Off                ; Off                ;
; Optimization Technique                                                     ; Balanced           ; Balanced           ;
; Carry Chain Length                                                         ; 70                 ; 70                 ;
; Auto Carry Chains                                                          ; On                 ; On                 ;
; Auto Open-Drain Pins                                                       ; On                 ; On                 ;
; Perform WYSIWYG Primitive Resynthesis                                      ; Off                ; Off                ;
; Auto ROM Replacement                                                       ; On                 ; On                 ;
; Auto RAM Replacement                                                       ; On                 ; On                 ;
; Auto DSP Block Replacement                                                 ; On                 ; On                 ;
; Auto Shift Register Replacement                                            ; Auto               ; Auto               ;
; Allow Shift Register Merging across Hierarchies                            ; Auto               ; Auto               ;
; Auto Clock Enable Replacement                                              ; On                 ; On                 ;
; Strict RAM Replacement                                                     ; Off                ; Off                ;
; Allow Synchronous Control Signals                                          ; On                 ; On                 ;
; Force Use of Synchronous Clear Signals                                     ; Off                ; Off                ;
; Auto RAM Block Balancing                                                   ; On                 ; On                 ;
; Auto RAM to Logic Cell Conversion                                          ; Off                ; Off                ;
; Auto Resource Sharing                                                      ; Off                ; Off                ;
; Allow Any RAM Size For Recognition                                         ; Off                ; Off                ;
; Allow Any ROM Size For Recognition                                         ; Off                ; Off                ;
; Allow Any Shift Register Size For Recognition                              ; Off                ; Off                ;
; Use LogicLock Constraints during Resource Balancing                        ; On                 ; On                 ;
; Ignore translate_off and synthesis_off directives                          ; Off                ; Off                ;
; Timing-Driven Synthesis                                                    ; On                 ; On                 ;
; Report Parameter Settings                                                  ; On                 ; On                 ;
; Report Source Assignments                                                  ; On                 ; On                 ;
; Report Connectivity Checks                                                 ; On                 ; On                 ;
; Ignore Maximum Fan-Out Assignments                                         ; Off                ; Off                ;
; Synchronization Register Chain Length                                      ; 2                  ; 2                  ;
; PowerPlay Power Optimization During Synthesis                              ; Normal compilation ; Normal compilation ;
; HDL message level                                                          ; Level2             ; Level2             ;
; Suppress Register Optimization Related Messages                            ; Off                ; Off                ;
; Number of Removed Registers Reported in Synthesis Report                   ; 5000               ; 5000               ;
; Number of Swept Nodes Reported in Synthesis Report                         ; 5000               ; 5000               ;
; Number of Inverted Registers Reported in Synthesis Report                  ; 100                ; 100                ;
; Clock MUX Protection                                                       ; On                 ; On                 ;
; Auto Gated Clock Conversion                                                ; Off                ; Off                ;
; Block Design Naming                                                        ; Auto               ; Auto               ;
; SDC constraint protection                                                  ; Off                ; Off                ;
; Synthesis Effort                                                           ; Auto               ; Auto               ;
; Shift Register Replacement - Allow Asynchronous Clear Signal               ; On                 ; On                 ;
; Pre-Mapping Resynthesis Optimization                                       ; Off                ; Off                ;
; Analysis & Synthesis Message Level                                         ; Medium             ; Medium             ;
; Disable Register Merging Across Hierarchies                                ; Auto               ; Auto               ;
; Resource Aware Inference For Block RAM                                     ; On                 ; On                 ;
; Synthesis Seed                                                             ; 1                  ; 1                  ;
+----------------------------------------------------------------------------+--------------------+--------------------+


+------------------------------------------+
; Parallel Compilation                     ;
+----------------------------+-------------+
; Processors                 ; Number      ;
+----------------------------+-------------+
; Number detected on machine ; 8           ;
; Maximum allowed            ; 4           ;
;                            ;             ;
; Average used               ; 1.00        ;
; Maximum used               ; 4           ;
;                            ;             ;
; Usage by Processor         ; % Time Used ;
;     Processor 1            ; 100.0%      ;
;     Processors 2-4         ;   0.0%      ;
+----------------------------+-------------+


+--------------------------------------------------------------------------------------------------------------------------------------------------------------------------------------------------------------------------+
; Analysis & Synthesis Source Files Read                                                                                                                                                                                   ;
+----------------------------------------------------------------------------+-----------------+------------------------------------+----------------------------------------------------------------------------+---------+
; File Name with User-Entered Path                                           ; Used in Netlist ; File Type                          ; File Name with Absolute Path                                               ; Library ;
+----------------------------------------------------------------------------+-----------------+------------------------------------+----------------------------------------------------------------------------+---------+
; //my.files.iastate.edu/Users/eserna/CPRE281/Lab04/lab4step2/normal.v       ; yes             ; User Verilog HDL File              ; //my.files.iastate.edu/Users/eserna/CPRE281/Lab04/lab4step2/normal.v       ;         ;
; //my.files.iastate.edu/Users/eserna/CPRE281/Lab04/lab4step2/power_saving.v ; yes             ; User Verilog HDL File              ; //my.files.iastate.edu/Users/eserna/CPRE281/Lab04/lab4step2/power_saving.v ;         ;
; //my.files.iastate.edu/Users/eserna/CPRE281/Lab04/lab4step2/Multiplexer.v  ; yes             ; User Verilog HDL File              ; //my.files.iastate.edu/Users/eserna/CPRE281/Lab04/lab4step2/Multiplexer.v  ;         ;
; //my.files.iastate.edu/Users/eserna/CPRE281/Lab04/lab4step2/lab4step2.bdf  ; yes             ; User Block Diagram/Schematic File  ; //my.files.iastate.edu/Users/eserna/CPRE281/Lab04/lab4step2/lab4step2.bdf  ;         ;
+----------------------------------------------------------------------------+-----------------+------------------------------------+----------------------------------------------------------------------------+---------+


+-------------------------------------------------------+
; Analysis & Synthesis Resource Usage Summary           ;
+---------------------------------------------+---------+
; Resource                                    ; Usage   ;
+---------------------------------------------+---------+
; Estimated Total logic elements              ; 7       ;
;                                             ;         ;
; Total combinational functions               ; 7       ;
; Logic element usage by number of LUT inputs ;         ;
;     -- 4 input functions                    ; 2       ;
;     -- 3 input functions                    ; 4       ;
;     -- <=2 input functions                  ; 1       ;
;                                             ;         ;
; Logic elements by mode                      ;         ;
;     -- normal mode                          ; 7       ;
;     -- arithmetic mode                      ; 0       ;
;                                             ;         ;
; Total registers                             ; 0       ;
;     -- Dedicated logic registers            ; 0       ;
;     -- I/O registers                        ; 0       ;
;                                             ;         ;
; I/O pins                                    ; 5       ;
;                                             ;         ;
; Embedded Multiplier 9-bit elements          ; 0       ;
;                                             ;         ;
; Maximum fan-out node                        ; T~input ;
; Maximum fan-out                             ; 4       ;
; Total fan-out                               ; 28      ;
; Average fan-out                             ; 1.65    ;
+---------------------------------------------+---------+


+----------------------------------------------------------------------------------------------------------------------------------------------------------------------------------------------------+
; Analysis & Synthesis Resource Utilization by Entity                                                                                                                                                ;
+----------------------------+-------------------+--------------+-------------+--------------+---------+-----------+------+--------------+------------------------------+-------------+--------------+
; Compilation Hierarchy Node ; LC Combinationals ; LC Registers ; Memory Bits ; DSP Elements ; DSP 9x9 ; DSP 18x18 ; Pins ; Virtual Pins ; Full Hierarchy Name          ; Entity Name ; Library Name ;
+----------------------------+-------------------+--------------+-------------+--------------+---------+-----------+------+--------------+------------------------------+-------------+--------------+
; |lab4step2                 ; 7 (0)             ; 0 (0)        ; 0           ; 0            ; 0       ; 0         ; 5    ; 0            ; |lab4step2                   ; lab4step2   ; work         ;
;    |Multiplexer:inst2|     ; 4 (4)             ; 0 (0)        ; 0           ; 0            ; 0       ; 0         ; 0    ; 0            ; |lab4step2|Multiplexer:inst2 ; Multiplexer ; work         ;
;    |normal:inst|           ; 3 (3)             ; 0 (0)        ; 0           ; 0            ; 0       ; 0         ; 0    ; 0            ; |lab4step2|normal:inst       ; normal      ; work         ;
+----------------------------+-------------------+--------------+-------------+--------------+---------+-----------+------+--------------+------------------------------+-------------+--------------+
Note: For table entries with two numbers listed, the numbers in parentheses indicate the number of resources of the given type used by the specific entity alone. The numbers listed outside of parentheses indicate the total resources of the given type used by the specific entity and all of its sub-entities in the hierarchy.


+------------------------------------------------------------------------------------------------------+
; User-Specified and Inferred Latches                                                                  ;
+----------------------------------------------------+------------------------+------------------------+
; Latch Name                                         ; Latch Enable Signal    ; Free of Timing Hazards ;
+----------------------------------------------------+------------------------+------------------------+
; Multiplexer:inst2|AC                               ; Multiplexer:inst2|Mux1 ; yes                    ;
; normal:inst|E                                      ; normal:inst|Mux1       ; yes                    ;
; Number of user-specified and inferred latches = 2  ;                        ;                        ;
+----------------------------------------------------+------------------------+------------------------+
Note: All latches listed above may not be present at the end of synthesis due to various synthesis optimizations.


+------------------------------------------------------+
; General Register Statistics                          ;
+----------------------------------------------+-------+
; Statistic                                    ; Value ;
+----------------------------------------------+-------+
; Total registers                              ; 0     ;
; Number of registers using Synchronous Clear  ; 0     ;
; Number of registers using Synchronous Load   ; 0     ;
; Number of registers using Asynchronous Clear ; 0     ;
; Number of registers using Asynchronous Load  ; 0     ;
; Number of registers using Clock Enable       ; 0     ;
; Number of registers using Preset             ; 0     ;
+----------------------------------------------+-------+


+-----------------------------------------------------+
; Post-Synthesis Netlist Statistics for Top Partition ;
+-----------------------+-----------------------------+
; Type                  ; Count                       ;
+-----------------------+-----------------------------+
; boundary_port         ; 5                           ;
; cycloneiii_lcell_comb ; 7                           ;
;     normal            ; 7                           ;
;         2 data inputs ; 1                           ;
;         3 data inputs ; 4                           ;
;         4 data inputs ; 2                           ;
;                       ;                             ;
; Max LUT depth         ; 3.00                        ;
; Average LUT depth     ; 2.31                        ;
+-----------------------+-----------------------------+


+-------------------------------+
; Elapsed Time Per Partition    ;
+----------------+--------------+
; Partition Name ; Elapsed Time ;
+----------------+--------------+
; Top            ; 00:00:00     ;
+----------------+--------------+


+-------------------------------+
; Analysis & Synthesis Messages ;
+-------------------------------+
Info: *******************************************************************
Info: Running Quartus Prime Analysis & Synthesis
    Info: Version 16.0.0 Build 211 04/27/2016 SJ Standard Edition
    Info: Processing started: Tue Feb 07 03:13:36 2017
Info: Command: quartus_map --read_settings_files=on --write_settings_files=off lab4step2 -c lab4step2
Warning (18236): Number of processors has not been specified which may cause overloading on shared machines.  Set the global assignment NUM_PARALLEL_PROCESSORS in your QSF to an appropriate value for best performance.
Info (20030): Parallel compilation is enabled and will use 4 of the 4 processors detected
Warning (12019): Can't analyze file -- file //my.files.iastate.edu/Users/eserna/CPRE281/Lab04/lab4step2/block_name.v is missing
Info (12021): Found 1 design units, including 1 entities, in source file normal.v
    Info (12023): Found entity 1: normal File: //my.files.iastate.edu/Users/eserna/CPRE281/Lab04/lab4step2/normal.v Line: 25
Info (12021): Found 1 design units, including 1 entities, in source file power_saving.v
    Info (12023): Found entity 1: power_saving File: //my.files.iastate.edu/Users/eserna/CPRE281/Lab04/lab4step2/power_saving.v Line: 25
Info (12021): Found 1 design units, including 1 entities, in source file multiplexer.v
    Info (12023): Found entity 1: Multiplexer File: //my.files.iastate.edu/Users/eserna/CPRE281/Lab04/lab4step2/Multiplexer.v Line: 25
Info (12021): Found 1 design units, including 1 entities, in source file lab4step2.bdf
    Info (12023): Found entity 1: lab4step2
Info (12127): Elaborating entity "lab4step2" for the top level hierarchy
Info (12128): Elaborating entity "Multiplexer" for hierarchy "Multiplexer:inst2"
Warning (10270): Verilog HDL Case Statement warning at Multiplexer.v(43): incomplete case statement has no default case item File: //my.files.iastate.edu/Users/eserna/CPRE281/Lab04/lab4step2/Multiplexer.v Line: 43
Warning (10240): Verilog HDL Always Construct warning at Multiplexer.v(41): inferring latch(es) for variable "AC", which holds its previous value in one or more paths through the always construct File: //my.files.iastate.edu/Users/eserna/CPRE281/Lab04/lab4step2/Multiplexer.v Line: 41
Info (10041): Inferred latch for "AC" at Multiplexer.v(41) File: //my.files.iastate.edu/Users/eserna/CPRE281/Lab04/lab4step2/Multiplexer.v Line: 41
Info (12128): Elaborating entity "normal" for hierarchy "normal:inst"
Warning (10272): Verilog HDL Case Statement warning at normal.v(49): case item expression covers a value already covered by a previous case item File: //my.files.iastate.edu/Users/eserna/CPRE281/Lab04/lab4step2/normal.v Line: 49
Warning (10270): Verilog HDL Case Statement warning at normal.v(43): incomplete case statement has no default case item File: //my.files.iastate.edu/Users/eserna/CPRE281/Lab04/lab4step2/normal.v Line: 43
Warning (10240): Verilog HDL Always Construct warning at normal.v(41): inferring latch(es) for variable "E", which holds its previous value in one or more paths through the always construct File: //my.files.iastate.edu/Users/eserna/CPRE281/Lab04/lab4step2/normal.v Line: 41
Info (10041): Inferred latch for "E" at normal.v(41) File: //my.files.iastate.edu/Users/eserna/CPRE281/Lab04/lab4step2/normal.v Line: 41
Info (12128): Elaborating entity "power_saving" for hierarchy "power_saving:inst1"
Warning (13012): Latch Multiplexer:inst2|AC has unsafe behavior File: //my.files.iastate.edu/Users/eserna/CPRE281/Lab04/lab4step2/Multiplexer.v Line: 37
    Warning (13013): Ports D and ENA on the latch are fed by the same signal P
Warning (13012): Latch normal:inst|E has unsafe behavior File: //my.files.iastate.edu/Users/eserna/CPRE281/Lab04/lab4step2/normal.v Line: 37
    Warning (13013): Ports D and ENA on the latch are fed by the same signal T
Info (286030): Timing-Driven Synthesis is running
Info (16010): Generating hard_block partition "hard_block:auto_generated_inst"
    Info (16011): Adding 0 node(s), including 0 DDIO, 0 PLL, 0 transceiver and 0 LCELL
Info (21057): Implemented 12 device resources after synthesis - the final resource count might be different
    Info (21058): Implemented 4 input pins
    Info (21059): Implemented 1 output pins
    Info (21061): Implemented 7 logic cells
Info: Quartus Prime Analysis & Synthesis was successful. 0 errors, 11 warnings
    Info: Peak virtual memory: 873 megabytes
    Info: Processing ended: Tue Feb 07 03:13:48 2017
    Info: Elapsed time: 00:00:12
    Info: Total CPU time (on all processors): 00:00:20


